2025-09-24 10:04:43, MOVE, v:1, k:enxugar, mode:PICK
2025-09-24 10:04:45, EXEC, v:1, k:enxugar, mode:FREE
2025-09-24 10:07:09, MOVE, v:1, k:enxugar, mode:PICK
2025-09-24 10:07:13, EXEC, v:1, k:enxugar, mode:FREE
2025-09-24 10:10:08, MOVE, v:1, k:enxugar, mode:PICK
2025-09-24 10:10:10, EXEC, v:1, k:enxugar, mode:FREE
2025-09-24 10:12:25, MOVE, v:1, k:enxugar, mode:PICK
2025-09-24 10:12:28, EXEC, v:1, k:enxugar, mode:FREE
2025-09-24 10:12:53, EXEC, v:1, k:enxugar, mode:FULL, rate:100
2025-09-24 10:18:18, MOVE, v:1, k:animal, mode:DOWN
2025-09-24 10:18:19, MOVE, v:1, k:animal, mode:PICK
2025-09-24 11:09:59, EXEC, v:1, k:animal, mode:FREE, size:23
2025-09-24 11:12:31, EXEC, v:1, k:animal, mode:FULL, rate:25, size:23
2025-09-24 11:27:42, EXEC, v:1, k:animal, mode:FREE, size:41
2025-09-24 17:52:37, MOVE, v:1, k:animal, mode:PICK
2025-09-24 18:02:32, EXEC, v:1, k:animal, mode:FREE, size:32
2025-09-24 18:15:15, EXEC, v:1, k:animal, mode:FULL, rate:100, size:44
2025-09-24 18:15:35, MOVE, v:1, k:animal, mode:BACK
2025-09-24 18:15:45, MOVE, v:1, k:carro, mode:DOWN
2025-09-24 18:15:46, MOVE, v:1, k:carro, mode:PICK
2025-09-24 19:01:32, EXEC, v:1, k:carro, mode:FREE, size:67
2025-09-24 19:06:53, EXEC, v:1, k:carro, mode:FULL, rate:100, size:67
